<?xml version="1.0" encoding="UTF-8"?>
<testsuite xmlns:xsi="http://www.w3.org/2001/XMLSchema-instance" xsi:noNamespaceSchemaLocation="https://maven.apache.org/surefire/maven-surefire-plugin/xsd/surefire-test-report.xsd" name="jmeter.jmeter.AppTest" time="0.046" tests="1" errors="0" skipped="0" failures="0">
  <properties>
    <property name="gopherProxySet" value="false"/>
    <property name="awt.toolkit" value="sun.lwawt.macosx.LWCToolkit"/>
    <property name="file.encoding.pkg" value="sun.io"/>
    <property name="java.specification.version" value="1.8"/>
    <property name="sun.cpu.isalist" value=""/>
    <property name="sun.jnu.encoding" value="UTF-8"/>
    <property name="java.class.path" value="/Users/via/Downloads/jmeter/target/test-classes:/Users/via/Downloads/jmeter/target/classes:/Users/via/.m2/repository/org/apache/jmeter/ApacheJMeter_core/2.8/ApacheJMeter_core-2.8.jar:/Users/via/.m2/repository/org/apache/jmeter/jorphan/2.8/jorphan-2.8.jar:/Users/via/.m2/repository/bsf/bsf/2.4.0/bsf-2.4.0.jar:/Users/via/.m2/repository/org/apache/bsf/bsf-api/3.1/bsf-api-3.1.jar:/Users/via/.m2/repository/avalon-framework/avalon-framework/4.1.4/avalon-framework-4.1.4.jar:/Users/via/.m2/repository/org/beanshell/bsh/2.0b5/bsh-2.0b5.jar:/Users/via/.m2/repository/org/bouncycastle/bcmail-jdk15/1.45/bcmail-jdk15-1.45.jar:/Users/via/.m2/repository/org/bouncycastle/bcprov-jdk15/1.45/bcprov-jdk15-1.45.jar:/Users/via/.m2/repository/commons-codec/commons-codec/1.6/commons-codec-1.6.jar:/Users/via/.m2/repository/commons-collections/commons-collections/3.2.1/commons-collections-3.2.1.jar:/Users/via/.m2/repository/commons-httpclient/commons-httpclient/3.1/commons-httpclient-3.1.jar:/Users/via/.m2/repository/commons-io/commons-io/2.2/commons-io-2.2.jar:/Users/via/.m2/repository/commons-jexl/commons-jexl/1.1/commons-jexl-1.1.jar:/Users/via/.m2/repository/org/apache/commons/commons-jexl/2.1.1/commons-jexl-2.1.1.jar:/Users/via/.m2/repository/org/apache/commons/commons-lang3/3.1/commons-lang3-3.1.jar:/Users/via/.m2/repository/commons-logging/commons-logging/1.1.1/commons-logging-1.1.1.jar:/Users/via/.m2/repository/commons-net/commons-net/3.1/commons-net-3.1.jar:/Users/via/.m2/repository/excalibur-datasource/excalibur-datasource/1.1.1/excalibur-datasource-1.1.1.jar:/Users/via/.m2/repository/excalibur-instrument/excalibur-instrument/1.0/excalibur-instrument-1.0.jar:/Users/via/.m2/repository/excalibur-logger/excalibur-logger/1.1/excalibur-logger-1.1.jar:/Users/via/.m2/repository/excalibur-pool/excalibur-pool/1.2/excalibur-pool-1.2.jar:/Users/via/.m2/repository/org/htmlparser/htmllexer/2.1/htmllexer-2.1.jar:/Users/via/.m2/repository/org/htmlparser/htmlparser/2.1/htmlparser-2.1.jar:/Users/via/.m2/repository/org/apache/httpcomponents/httpclient/4.2/httpclient-4.2.jar:/Users/via/.m2/repository/org/apache/httpcomponents/httpmime/4.2/httpmime-4.2.jar:/Users/via/.m2/repository/org/apache/httpcomponents/httpcore/4.2.2/httpcore-4.2.2.jar:/Users/via/.m2/repository/oro/oro/2.0.8/oro-2.0.8.jar:/Users/via/.m2/repository/jcharts/jcharts/0.7.5/jcharts-0.7.5.jar:/Users/via/.m2/repository/org/jdom/jdom/1.1.2/jdom-1.1.2.jar:/Users/via/.m2/repository/org/mozilla/rhino/1.7R3/rhino-1.7R3.jar:/Users/via/.m2/repository/junit/junit/4.10/junit-4.10.jar:/Users/via/.m2/repository/org/hamcrest/hamcrest-core/1.1/hamcrest-core-1.1.jar:/Users/via/.m2/repository/logkit/logkit/2.0/logkit-2.0.jar:/Users/via/.m2/repository/soap/soap/2.3.1/soap-2.3.1.jar:/Users/via/.m2/repository/net/sf/jtidy/jtidy/r938/jtidy-r938.jar:/Users/via/.m2/repository/com/thoughtworks/xstream/xstream/1.4.2/xstream-1.4.2.jar:/Users/via/.m2/repository/xmlpull/xmlpull/1.1.3.1/xmlpull-1.1.3.1.jar:/Users/via/.m2/repository/xpp3/xpp3_min/1.1.4c/xpp3_min-1.1.4c.jar:/Users/via/.m2/repository/xalan/xalan/2.7.1/xalan-2.7.1.jar:/Users/via/.m2/repository/xalan/serializer/2.7.1/serializer-2.7.1.jar:/Users/via/.m2/repository/xerces/xercesImpl/2.9.1/xercesImpl-2.9.1.jar:/Users/via/.m2/repository/xml-apis/xml-apis/1.3.04/xml-apis-1.3.04.jar:/Users/via/.m2/repository/org/apache/xmlgraphics/xmlgraphics-commons/1.3.1/xmlgraphics-commons-1.3.1.jar:/Users/via/.m2/repository/javax/activation/activation/1.1.1/activation-1.1.1.jar:/Users/via/.m2/repository/javax/mail/mail/1.4.4/mail-1.4.4.jar:/Users/via/.m2/repository/org/apache/geronimo/specs/geronimo-jms_1.1_spec/1.1.1/geronimo-jms_1.1_spec-1.1.1.jar:/Users/via/.m2/repository/org/apache/jmeter/ApacheJMeter_http/2.8/ApacheJMeter_http-2.8.jar:/Users/via/.m2/repository/org/apache/jmeter/ApacheJMeter_components/2.8/ApacheJMeter_components-2.8.jar:"/>
    <property name="java.vm.vendor" value="Oracle Corporation"/>
    <property name="sun.arch.data.model" value="64"/>
    <property name="java.vendor.url" value="http://java.oracle.com/"/>
    <property name="user.timezone" value=""/>
    <property name="java.vm.specification.version" value="1.8"/>
    <property name="os.name" value="Mac OS X"/>
    <property name="user.country" value="US"/>
    <property name="sun.java.launcher" value="SUN_STANDARD"/>
    <property name="sun.boot.library.path" value="/Library/Java/JavaVirtualMachines/jdk1.8.0_60.jdk/Contents/Home/jre/lib"/>
    <property name="sun.java.command" value="/Users/via/Downloads/jmeter/target/surefire/surefirebooter2779573493351467791.jar /Users/via/Downloads/jmeter/target/surefire 2018-11-10T19-17-07_918-jvmRun1 surefire8413525834961945110tmp surefire_02389030560005320442tmp"/>
    <property name="http.nonProxyHosts" value="local|*.local|169.254/16|*.169.254/16"/>
    <property name="surefire.test.class.path" value="/Users/via/Downloads/jmeter/target/test-classes:/Users/via/Downloads/jmeter/target/classes:/Users/via/.m2/repository/org/apache/jmeter/ApacheJMeter_core/2.8/ApacheJMeter_core-2.8.jar:/Users/via/.m2/repository/org/apache/jmeter/jorphan/2.8/jorphan-2.8.jar:/Users/via/.m2/repository/bsf/bsf/2.4.0/bsf-2.4.0.jar:/Users/via/.m2/repository/org/apache/bsf/bsf-api/3.1/bsf-api-3.1.jar:/Users/via/.m2/repository/avalon-framework/avalon-framework/4.1.4/avalon-framework-4.1.4.jar:/Users/via/.m2/repository/org/beanshell/bsh/2.0b5/bsh-2.0b5.jar:/Users/via/.m2/repository/org/bouncycastle/bcmail-jdk15/1.45/bcmail-jdk15-1.45.jar:/Users/via/.m2/repository/org/bouncycastle/bcprov-jdk15/1.45/bcprov-jdk15-1.45.jar:/Users/via/.m2/repository/commons-codec/commons-codec/1.6/commons-codec-1.6.jar:/Users/via/.m2/repository/commons-collections/commons-collections/3.2.1/commons-collections-3.2.1.jar:/Users/via/.m2/repository/commons-httpclient/commons-httpclient/3.1/commons-httpclient-3.1.jar:/Users/via/.m2/repository/commons-io/commons-io/2.2/commons-io-2.2.jar:/Users/via/.m2/repository/commons-jexl/commons-jexl/1.1/commons-jexl-1.1.jar:/Users/via/.m2/repository/org/apache/commons/commons-jexl/2.1.1/commons-jexl-2.1.1.jar:/Users/via/.m2/repository/org/apache/commons/commons-lang3/3.1/commons-lang3-3.1.jar:/Users/via/.m2/repository/commons-logging/commons-logging/1.1.1/commons-logging-1.1.1.jar:/Users/via/.m2/repository/commons-net/commons-net/3.1/commons-net-3.1.jar:/Users/via/.m2/repository/excalibur-datasource/excalibur-datasource/1.1.1/excalibur-datasource-1.1.1.jar:/Users/via/.m2/repository/excalibur-instrument/excalibur-instrument/1.0/excalibur-instrument-1.0.jar:/Users/via/.m2/repository/excalibur-logger/excalibur-logger/1.1/excalibur-logger-1.1.jar:/Users/via/.m2/repository/excalibur-pool/excalibur-pool/1.2/excalibur-pool-1.2.jar:/Users/via/.m2/repository/org/htmlparser/htmllexer/2.1/htmllexer-2.1.jar:/Users/via/.m2/repository/org/htmlparser/htmlparser/2.1/htmlparser-2.1.jar:/Users/via/.m2/repository/org/apache/httpcomponents/httpclient/4.2/httpclient-4.2.jar:/Users/via/.m2/repository/org/apache/httpcomponents/httpmime/4.2/httpmime-4.2.jar:/Users/via/.m2/repository/org/apache/httpcomponents/httpcore/4.2.2/httpcore-4.2.2.jar:/Users/via/.m2/repository/oro/oro/2.0.8/oro-2.0.8.jar:/Users/via/.m2/repository/jcharts/jcharts/0.7.5/jcharts-0.7.5.jar:/Users/via/.m2/repository/org/jdom/jdom/1.1.2/jdom-1.1.2.jar:/Users/via/.m2/repository/org/mozilla/rhino/1.7R3/rhino-1.7R3.jar:/Users/via/.m2/repository/junit/junit/4.10/junit-4.10.jar:/Users/via/.m2/repository/org/hamcrest/hamcrest-core/1.1/hamcrest-core-1.1.jar:/Users/via/.m2/repository/logkit/logkit/2.0/logkit-2.0.jar:/Users/via/.m2/repository/soap/soap/2.3.1/soap-2.3.1.jar:/Users/via/.m2/repository/net/sf/jtidy/jtidy/r938/jtidy-r938.jar:/Users/via/.m2/repository/com/thoughtworks/xstream/xstream/1.4.2/xstream-1.4.2.jar:/Users/via/.m2/repository/xmlpull/xmlpull/1.1.3.1/xmlpull-1.1.3.1.jar:/Users/via/.m2/repository/xpp3/xpp3_min/1.1.4c/xpp3_min-1.1.4c.jar:/Users/via/.m2/repository/xalan/xalan/2.7.1/xalan-2.7.1.jar:/Users/via/.m2/repository/xalan/serializer/2.7.1/serializer-2.7.1.jar:/Users/via/.m2/repository/xerces/xercesImpl/2.9.1/xercesImpl-2.9.1.jar:/Users/via/.m2/repository/xml-apis/xml-apis/1.3.04/xml-apis-1.3.04.jar:/Users/via/.m2/repository/org/apache/xmlgraphics/xmlgraphics-commons/1.3.1/xmlgraphics-commons-1.3.1.jar:/Users/via/.m2/repository/javax/activation/activation/1.1.1/activation-1.1.1.jar:/Users/via/.m2/repository/javax/mail/mail/1.4.4/mail-1.4.4.jar:/Users/via/.m2/repository/org/apache/geronimo/specs/geronimo-jms_1.1_spec/1.1.1/geronimo-jms_1.1_spec-1.1.1.jar:/Users/via/.m2/repository/org/apache/jmeter/ApacheJMeter_http/2.8/ApacheJMeter_http-2.8.jar:/Users/via/.m2/repository/org/apache/jmeter/ApacheJMeter_components/2.8/ApacheJMeter_components-2.8.jar:"/>
    <property name="sun.cpu.endian" value="little"/>
    <property name="user.home" value="/Users/via"/>
    <property name="user.language" value="en"/>
    <property name="java.specification.vendor" value="Oracle Corporation"/>
    <property name="java.home" value="/Library/Java/JavaVirtualMachines/jdk1.8.0_60.jdk/Contents/Home/jre"/>
    <property name="basedir" value="/Users/via/Downloads/jmeter"/>
    <property name="file.separator" value="/"/>
    <property name="line.separator" value="&#10;"/>
    <property name="java.vm.specification.vendor" value="Oracle Corporation"/>
    <property name="java.specification.name" value="Java Platform API Specification"/>
    <property name="java.awt.graphicsenv" value="sun.awt.CGraphicsEnvironment"/>
    <property name="surefire.real.class.path" value="/Users/via/Downloads/jmeter/target/surefire/surefirebooter2779573493351467791.jar"/>
    <property name="sun.boot.class.path" value="/Library/Java/JavaVirtualMachines/jdk1.8.0_60.jdk/Contents/Home/jre/lib/resources.jar:/Library/Java/JavaVirtualMachines/jdk1.8.0_60.jdk/Contents/Home/jre/lib/rt.jar:/Library/Java/JavaVirtualMachines/jdk1.8.0_60.jdk/Contents/Home/jre/lib/sunrsasign.jar:/Library/Java/JavaVirtualMachines/jdk1.8.0_60.jdk/Contents/Home/jre/lib/jsse.jar:/Library/Java/JavaVirtualMachines/jdk1.8.0_60.jdk/Contents/Home/jre/lib/jce.jar:/Library/Java/JavaVirtualMachines/jdk1.8.0_60.jdk/Contents/Home/jre/lib/charsets.jar:/Library/Java/JavaVirtualMachines/jdk1.8.0_60.jdk/Contents/Home/jre/lib/jfr.jar:/Library/Java/JavaVirtualMachines/jdk1.8.0_60.jdk/Contents/Home/jre/classes"/>
    <property name="sun.management.compiler" value="HotSpot 64-Bit Tiered Compilers"/>
    <property name="ftp.nonProxyHosts" value="local|*.local|169.254/16|*.169.254/16"/>
    <property name="java.runtime.version" value="1.8.0_60-b27"/>
    <property name="user.name" value="via"/>
    <property name="path.separator" value=":"/>
    <property name="os.version" value="10.13.6"/>
    <property name="java.endorsed.dirs" value="/Library/Java/JavaVirtualMachines/jdk1.8.0_60.jdk/Contents/Home/jre/lib/endorsed"/>
    <property name="java.runtime.name" value="Java(TM) SE Runtime Environment"/>
    <property name="file.encoding" value="UTF-8"/>
    <property name="java.vm.name" value="Java HotSpot(TM) 64-Bit Server VM"/>
    <property name="localRepository" value="/Users/via/.m2/repository"/>
    <property name="java.vendor.url.bug" value="http://bugreport.sun.com/bugreport/"/>
    <property name="java.io.tmpdir" value="/var/folders/b4/shjxsgx96232cfp3r2zrlc0c0000gq/T/"/>
    <property name="java.version" value="1.8.0_60"/>
    <property name="user.dir" value="/Users/via/Downloads/jmeter"/>
    <property name="os.arch" value="x86_64"/>
    <property name="java.vm.specification.name" value="Java Virtual Machine Specification"/>
    <property name="java.awt.printerjob" value="sun.lwawt.macosx.CPrinterJob"/>
    <property name="sun.os.patch.level" value="unknown"/>
    <property name="java.library.path" value="/Users/via/Library/Java/Extensions:/Library/Java/Extensions:/Network/Library/Java/Extensions:/System/Library/Java/Extensions:/usr/lib/java:."/>
    <property name="java.vm.info" value="mixed mode"/>
    <property name="java.vendor" value="Oracle Corporation"/>
    <property name="java.vm.version" value="25.60-b23"/>
    <property name="java.ext.dirs" value="/Users/via/Library/Java/Extensions:/Library/Java/JavaVirtualMachines/jdk1.8.0_60.jdk/Contents/Home/jre/lib/ext:/Library/Java/Extensions:/Network/Library/Java/Extensions:/System/Library/Java/Extensions:/usr/lib/java"/>
    <property name="sun.io.unicode.encoding" value="UnicodeBig"/>
    <property name="java.class.version" value="52.0"/>
    <property name="socksNonProxyHosts" value="local|*.local|169.254/16|*.169.254/16"/>
  </properties>
  <testcase name="shouldAnswerWithTrue" classname="jmeter.jmeter.AppTest" time="0.002"/>
</testsuite>